SFTP Audit Report
========================================
📍 Location: 57130
  ❌ 20250520 - Missing
  ❌ 20250519 - Missing
  ❌ 20250518 - Missing
  ❌ 20250517 - Missing
  ✅ 20250516 - Found
  ❌ 20250515 - Missing
  ❌ 20250514 - Missing
  ❌ 20250513 - Missing
  ❌ 20250512 - Missing
  ❌ 20250511 - Missing
----------------------------------------
📍 Location: 57138
  ❌ 20250520 - Missing
  ❌ 20250519 - Missing
  ❌ 20250518 - Missing
  ❌ 20250517 - Missing
  ✅ 20250516 - Found
  ❌ 20250515 - Missing
  ❌ 20250514 - Missing
  ❌ 20250513 - Missing
  ❌ 20250512 - Missing
  ❌ 20250511 - Missing
----------------------------------------
